2022-05-19_09-28-22 [background-preinit] INFO  o.h.validator.internal.util.Version - HV000001: Hibernate Validator 6.1.7.Final
2022-05-19_09-28-22 [restartedMain] INFO  c.c.p.p.ProcessPensionMicroserviceApplication - Starting ProcessPensionMicroserviceApplication using Java 17.0.2 on LTIN302734 with PID 5332 (C:\Users\877629\Desktop\JAVA_FSE\Pension-Management-System-main\Pension-Management-System-main\ProcessPension-Microservice\target\classes started by 877629 in C:\Users\877629\Desktop\JAVA_FSE\Pension-Management-System-main\Pension-Management-System-main\ProcessPension-Microservice)
2022-05-19_09-28-22 [restartedMain] INFO  c.c.p.p.ProcessPensionMicroserviceApplication - No active profile set, falling back to default profiles: default
2022-05-19_09-28-22 [restartedMain] INFO  o.s.b.d.e.DevToolsPropertyDefaultsPostProcessor - Devtools property defaults active! Set 'spring.devtools.add-properties' to 'false' to disable
2022-05-19_09-28-22 [restartedMain] INFO  o.s.b.d.e.DevToolsPropertyDefaultsPostProcessor - For additional web related logging consider setting the 'logging.level.web' property to 'DEBUG'
2022-05-19_09-28-22 [restartedMain] INFO  o.s.cloud.context.scope.GenericScope - BeanFactory id=1142edd2-2b2c-39aa-b573-8c6b41a17bfb
2022-05-19_09-28-22 [restartedMain] INFO  o.s.c.s.PostProcessorRegistrationDelegate$BeanPostProcessorChecker - Bean 'com.cts.pension.process.feignclient.AuthorisingClient' of type [org.springframework.cloud.openfeign.FeignClientFactoryBean] is not eligible for getting processed by all BeanPostProcessors (for example: not eligible for auto-proxying)
2022-05-19_09-28-22 [restartedMain] INFO  o.s.c.s.PostProcessorRegistrationDelegate$BeanPostProcessorChecker - Bean 'com.cts.pension.process.feignclient.PensionDisbursementFeignClient' of type [org.springframework.cloud.openfeign.FeignClientFactoryBean] is not eligible for getting processed by all BeanPostProcessors (for example: not eligible for auto-proxying)
2022-05-19_09-28-22 [restartedMain] INFO  o.s.c.s.PostProcessorRegistrationDelegate$BeanPostProcessorChecker - Bean 'com.cts.pension.process.feignclient.PensionerDetailFeignClient' of type [org.springframework.cloud.openfeign.FeignClientFactoryBean] is not eligible for getting processed by all BeanPostProcessors (for example: not eligible for auto-proxying)
2022-05-19_09-28-22 [restartedMain] INFO  o.s.b.w.e.tomcat.TomcatWebServer - Tomcat initialized with port(s): 8100 (http)
2022-05-19_09-28-22 [restartedMain] INFO  o.a.coyote.http11.Http11NioProtocol - Initializing ProtocolHandler ["http-nio-8100"]
2022-05-19_09-28-22 [restartedMain] INFO  o.a.catalina.core.StandardService - Starting service [Tomcat]
2022-05-19_09-28-22 [restartedMain] INFO  o.a.catalina.core.StandardEngine - Starting Servlet engine: [Apache Tomcat/9.0.41]
2022-05-19_09-28-22 [restartedMain] INFO  o.a.c.c.C.[.[localhost].[/process] - Initializing Spring embedded WebApplicationContext
2022-05-19_09-28-22 [restartedMain] INFO  o.s.b.w.s.c.ServletWebServerApplicationContext - Root WebApplicationContext: initialization completed in 2474 ms
2022-05-19_09-28-22 [restartedMain] INFO  o.s.s.c.ThreadPoolTaskExecutor - Initializing ExecutorService 'applicationTaskExecutor'
2022-05-19_09-28-22 [restartedMain] INFO  o.s.cloud.commons.util.InetUtils - Cannot determine local hostname
2022-05-19_09-28-22 [restartedMain] INFO  o.s.b.a.e.web.EndpointLinksResolver - Exposing 2 endpoint(s) beneath base path '/actuator'
2022-05-19_09-28-22 [restartedMain] INFO  o.a.coyote.http11.Http11NioProtocol - Starting ProtocolHandler ["http-nio-8100"]
2022-05-19_09-28-22 [restartedMain] INFO  o.s.b.w.e.tomcat.TomcatWebServer - Tomcat started on port(s): 8100 (http) with context path '/process'
2022-05-19_09-28-22 [restartedMain] INFO  o.s.cloud.commons.util.InetUtils - Cannot determine local hostname
2022-05-19_09-28-22 [restartedMain] INFO  c.c.p.p.ProcessPensionMicroserviceApplication - Started ProcessPensionMicroserviceApplication in 7.836 seconds (JVM running for 9.354)
2022-05-19_09-28-22 [http-nio-8100-exec-1] INFO  o.a.c.c.C.[.[localhost].[/process] - Initializing Spring DispatcherServlet 'dispatcherServlet'
2022-05-19_09-28-22 [http-nio-8100-exec-1] INFO  o.s.web.servlet.DispatcherServlet - Initializing Servlet 'dispatcherServlet'
2022-05-19_09-28-22 [http-nio-8100-exec-1] INFO  o.s.web.servlet.DispatcherServlet - Completed initialization in 1 ms
2022-05-19_15-30-37 [background-preinit] INFO  o.h.validator.internal.util.Version - HV000001: Hibernate Validator 6.1.7.Final
2022-05-19_15-30-37 [restartedMain] INFO  c.c.p.p.ProcessPensionMicroserviceApplication - Starting ProcessPensionMicroserviceApplication using Java 17.0.2 on LTIN302734 with PID 21420 (C:\Users\877629\Desktop\JAVA_FSE\Pension-Management-System-main\Pension-Management-System-main\ProcessPension-Microservice\target\classes started by 877629 in C:\Users\877629\Desktop\JAVA_FSE\Pension-Management-System-main\Pension-Management-System-main\ProcessPension-Microservice)
2022-05-19_15-30-37 [restartedMain] INFO  c.c.p.p.ProcessPensionMicroserviceApplication - No active profile set, falling back to default profiles: default
2022-05-19_15-30-37 [restartedMain] INFO  o.s.b.d.e.DevToolsPropertyDefaultsPostProcessor - Devtools property defaults active! Set 'spring.devtools.add-properties' to 'false' to disable
2022-05-19_15-30-37 [restartedMain] INFO  o.s.b.d.e.DevToolsPropertyDefaultsPostProcessor - For additional web related logging consider setting the 'logging.level.web' property to 'DEBUG'
2022-05-19_15-30-37 [restartedMain] INFO  o.s.cloud.context.scope.GenericScope - BeanFactory id=6618e574-34f4-356e-b216-374239f36942
2022-05-19_15-30-37 [restartedMain] INFO  o.s.c.s.PostProcessorRegistrationDelegate$BeanPostProcessorChecker - Bean 'com.cts.pension.process.feignclient.AuthorisingClient' of type [org.springframework.cloud.openfeign.FeignClientFactoryBean] is not eligible for getting processed by all BeanPostProcessors (for example: not eligible for auto-proxying)
2022-05-19_15-30-37 [restartedMain] INFO  o.s.c.s.PostProcessorRegistrationDelegate$BeanPostProcessorChecker - Bean 'com.cts.pension.process.feignclient.PensionDisbursementFeignClient' of type [org.springframework.cloud.openfeign.FeignClientFactoryBean] is not eligible for getting processed by all BeanPostProcessors (for example: not eligible for auto-proxying)
2022-05-19_15-30-37 [restartedMain] INFO  o.s.c.s.PostProcessorRegistrationDelegate$BeanPostProcessorChecker - Bean 'com.cts.pension.process.feignclient.PensionerDetailFeignClient' of type [org.springframework.cloud.openfeign.FeignClientFactoryBean] is not eligible for getting processed by all BeanPostProcessors (for example: not eligible for auto-proxying)
2022-05-19_15-30-37 [restartedMain] INFO  o.s.b.w.e.tomcat.TomcatWebServer - Tomcat initialized with port(s): 8100 (http)
2022-05-19_15-30-37 [restartedMain] INFO  o.a.coyote.http11.Http11NioProtocol - Initializing ProtocolHandler ["http-nio-8100"]
2022-05-19_15-30-37 [restartedMain] INFO  o.a.catalina.core.StandardService - Starting service [Tomcat]
2022-05-19_15-30-37 [restartedMain] INFO  o.a.catalina.core.StandardEngine - Starting Servlet engine: [Apache Tomcat/9.0.41]
2022-05-19_15-30-37 [restartedMain] INFO  o.a.c.c.C.[.[localhost].[/process] - Initializing Spring embedded WebApplicationContext
2022-05-19_15-30-37 [restartedMain] INFO  o.s.b.w.s.c.ServletWebServerApplicationContext - Root WebApplicationContext: initialization completed in 2307 ms
2022-05-19_15-30-37 [restartedMain] INFO  o.s.s.c.ThreadPoolTaskExecutor - Initializing ExecutorService 'applicationTaskExecutor'
2022-05-19_15-30-37 [restartedMain] INFO  o.s.cloud.commons.util.InetUtils - Cannot determine local hostname
2022-05-19_15-30-37 [restartedMain] INFO  o.s.cloud.commons.util.InetUtils - Cannot determine local hostname
2022-05-19_15-30-37 [restartedMain] INFO  o.s.c.n.e.c.DiscoveryClientOptionalArgsConfiguration - Eureka HTTP Client uses RestTemplate.
2022-05-19_15-30-37 [restartedMain] INFO  o.s.b.a.e.web.EndpointLinksResolver - Exposing 2 endpoint(s) beneath base path '/actuator'
2022-05-19_15-30-37 [restartedMain] INFO  o.s.c.n.eureka.InstanceInfoFactory - Setting initial instance status as: STARTING
2022-05-19_15-30-37 [restartedMain] INFO  c.netflix.discovery.DiscoveryClient - Initializing Eureka in region us-east-1
2022-05-19_15-30-37 [restartedMain] INFO  c.n.d.s.r.aws.ConfigClusterResolver - Resolving eureka endpoints via configuration
2022-05-19_15-30-37 [restartedMain] INFO  c.netflix.discovery.DiscoveryClient - Disable delta property : false
2022-05-19_15-30-37 [restartedMain] INFO  c.netflix.discovery.DiscoveryClient - Single vip registry refresh property : null
2022-05-19_15-30-37 [restartedMain] INFO  c.netflix.discovery.DiscoveryClient - Force full registry fetch : false
2022-05-19_15-30-37 [restartedMain] INFO  c.netflix.discovery.DiscoveryClient - Application is null : false
2022-05-19_15-30-37 [restartedMain] INFO  c.netflix.discovery.DiscoveryClient - Registered Applications size is zero : true
2022-05-19_15-30-37 [restartedMain] INFO  c.netflix.discovery.DiscoveryClient - Application version is -1: true
2022-05-19_15-30-37 [restartedMain] INFO  c.netflix.discovery.DiscoveryClient - Getting all instance registry info from the eureka server
2022-05-19_15-30-37 [restartedMain] INFO  c.netflix.discovery.DiscoveryClient - The response status is 200
2022-05-19_15-30-37 [restartedMain] INFO  c.netflix.discovery.DiscoveryClient - Starting heartbeat executor: renew interval is: 30
2022-05-19_15-30-37 [restartedMain] INFO  c.n.discovery.InstanceInfoReplicator - InstanceInfoReplicator onDemand update allowed rate per min is 4
2022-05-19_15-30-37 [restartedMain] INFO  c.netflix.discovery.DiscoveryClient - Discovery Client initialized at timestamp 1652954444173 with initial instances count: 1
2022-05-19_15-30-37 [restartedMain] INFO  o.s.c.n.e.s.EurekaServiceRegistry - Registering application PROCESSPENSION-MICROSERVICE with eureka with status UP
2022-05-19_15-30-37 [restartedMain] INFO  c.netflix.discovery.DiscoveryClient - Saw local status change event StatusChangeEvent [timestamp=1652954444177, current=UP, previous=STARTING]
2022-05-19_15-30-37 [DiscoveryClient-InstanceInfoReplicator-0] INFO  c.netflix.discovery.DiscoveryClient - DiscoveryClient_PROCESSPENSION-MICROSERVICE/localhost:ProcessPension-Microservice:8100: registering service...
2022-05-19_15-30-37 [restartedMain] INFO  o.a.coyote.http11.Http11NioProtocol - Starting ProtocolHandler ["http-nio-8100"]
2022-05-19_15-30-37 [DiscoveryClient-InstanceInfoReplicator-0] INFO  c.netflix.discovery.DiscoveryClient - DiscoveryClient_PROCESSPENSION-MICROSERVICE/localhost:ProcessPension-Microservice:8100 - registration status: 204
2022-05-19_15-30-37 [restartedMain] INFO  o.s.b.w.e.tomcat.TomcatWebServer - Tomcat started on port(s): 8100 (http) with context path '/process'
2022-05-19_15-30-37 [restartedMain] INFO  o.s.c.n.e.s.EurekaAutoServiceRegistration - Updating port to 8100
2022-05-19_15-30-37 [restartedMain] INFO  o.s.cloud.commons.util.InetUtils - Cannot determine local hostname
2022-05-19_15-30-37 [restartedMain] INFO  c.c.p.p.ProcessPensionMicroserviceApplication - Started ProcessPensionMicroserviceApplication in 9.066 seconds (JVM running for 9.953)
2022-05-19_16-02-53 [background-preinit] INFO  o.h.validator.internal.util.Version - HV000001: Hibernate Validator 6.1.7.Final
2022-05-19_16-02-53 [restartedMain] INFO  c.c.p.p.ProcessPensionMicroserviceApplication - Starting ProcessPensionMicroserviceApplication using Java 17.0.2 on LTIN302734 with PID 11212 (C:\Users\877629\Desktop\JAVA_FSE\Pension-Management-System-main\Pension-Management-System-main\ProcessPension-Microservice\target\classes started by 877629 in C:\Users\877629\Desktop\JAVA_FSE\Pension-Management-System-main\Pension-Management-System-main\ProcessPension-Microservice)
2022-05-19_16-02-53 [restartedMain] INFO  c.c.p.p.ProcessPensionMicroserviceApplication - No active profile set, falling back to default profiles: default
2022-05-19_16-02-53 [restartedMain] INFO  o.s.b.d.e.DevToolsPropertyDefaultsPostProcessor - Devtools property defaults active! Set 'spring.devtools.add-properties' to 'false' to disable
2022-05-19_16-02-53 [restartedMain] INFO  o.s.b.d.e.DevToolsPropertyDefaultsPostProcessor - For additional web related logging consider setting the 'logging.level.web' property to 'DEBUG'
2022-05-19_16-02-53 [restartedMain] INFO  o.s.cloud.context.scope.GenericScope - BeanFactory id=6618e574-34f4-356e-b216-374239f36942
2022-05-19_16-02-53 [restartedMain] INFO  o.s.c.s.PostProcessorRegistrationDelegate$BeanPostProcessorChecker - Bean 'com.cts.pension.process.feignclient.AuthorisingClient' of type [org.springframework.cloud.openfeign.FeignClientFactoryBean] is not eligible for getting processed by all BeanPostProcessors (for example: not eligible for auto-proxying)
2022-05-19_16-02-53 [restartedMain] INFO  o.s.c.s.PostProcessorRegistrationDelegate$BeanPostProcessorChecker - Bean 'com.cts.pension.process.feignclient.PensionDisbursementFeignClient' of type [org.springframework.cloud.openfeign.FeignClientFactoryBean] is not eligible for getting processed by all BeanPostProcessors (for example: not eligible for auto-proxying)
2022-05-19_16-02-53 [restartedMain] INFO  o.s.c.s.PostProcessorRegistrationDelegate$BeanPostProcessorChecker - Bean 'com.cts.pension.process.feignclient.PensionerDetailFeignClient' of type [org.springframework.cloud.openfeign.FeignClientFactoryBean] is not eligible for getting processed by all BeanPostProcessors (for example: not eligible for auto-proxying)
2022-05-19_16-02-53 [restartedMain] INFO  o.s.b.w.e.tomcat.TomcatWebServer - Tomcat initialized with port(s): 8100 (http)
2022-05-19_16-02-53 [restartedMain] INFO  o.a.coyote.http11.Http11NioProtocol - Initializing ProtocolHandler ["http-nio-8100"]
2022-05-19_16-02-53 [restartedMain] INFO  o.a.catalina.core.StandardService - Starting service [Tomcat]
2022-05-19_16-02-53 [restartedMain] INFO  o.a.catalina.core.StandardEngine - Starting Servlet engine: [Apache Tomcat/9.0.41]
2022-05-19_16-02-53 [restartedMain] INFO  o.a.c.c.C.[.[localhost].[/process] - Initializing Spring embedded WebApplicationContext
2022-05-19_16-02-53 [restartedMain] INFO  o.s.b.w.s.c.ServletWebServerApplicationContext - Root WebApplicationContext: initialization completed in 2634 ms
2022-05-19_16-02-53 [restartedMain] INFO  o.s.s.c.ThreadPoolTaskExecutor - Initializing ExecutorService 'applicationTaskExecutor'
2022-05-19_16-02-53 [restartedMain] INFO  o.s.cloud.commons.util.InetUtils - Cannot determine local hostname
2022-05-19_16-02-53 [restartedMain] INFO  o.s.cloud.commons.util.InetUtils - Cannot determine local hostname
2022-05-19_16-02-53 [restartedMain] INFO  o.s.c.n.e.c.DiscoveryClientOptionalArgsConfiguration - Eureka HTTP Client uses RestTemplate.
2022-05-19_16-02-53 [restartedMain] INFO  o.s.b.a.e.web.EndpointLinksResolver - Exposing 2 endpoint(s) beneath base path '/actuator'
2022-05-19_16-02-53 [restartedMain] INFO  o.s.c.n.eureka.InstanceInfoFactory - Setting initial instance status as: STARTING
2022-05-19_16-02-53 [restartedMain] INFO  c.netflix.discovery.DiscoveryClient - Initializing Eureka in region us-east-1
2022-05-19_16-02-53 [restartedMain] INFO  c.n.d.s.r.aws.ConfigClusterResolver - Resolving eureka endpoints via configuration
2022-05-19_16-02-53 [restartedMain] INFO  c.netflix.discovery.DiscoveryClient - Disable delta property : false
2022-05-19_16-02-53 [restartedMain] INFO  c.netflix.discovery.DiscoveryClient - Single vip registry refresh property : null
2022-05-19_16-02-53 [restartedMain] INFO  c.netflix.discovery.DiscoveryClient - Force full registry fetch : false
2022-05-19_16-02-53 [restartedMain] INFO  c.netflix.discovery.DiscoveryClient - Application is null : false
2022-05-19_16-02-53 [restartedMain] INFO  c.netflix.discovery.DiscoveryClient - Registered Applications size is zero : true
2022-05-19_16-02-53 [restartedMain] INFO  c.netflix.discovery.DiscoveryClient - Application version is -1: true
2022-05-19_16-02-53 [restartedMain] INFO  c.netflix.discovery.DiscoveryClient - Getting all instance registry info from the eureka server
2022-05-19_16-02-53 [restartedMain] INFO  c.netflix.discovery.DiscoveryClient - The response status is 200
2022-05-19_16-02-53 [restartedMain] INFO  c.netflix.discovery.DiscoveryClient - Starting heartbeat executor: renew interval is: 30
2022-05-19_16-02-53 [restartedMain] INFO  c.n.discovery.InstanceInfoReplicator - InstanceInfoReplicator onDemand update allowed rate per min is 4
2022-05-19_16-02-53 [restartedMain] INFO  c.netflix.discovery.DiscoveryClient - Discovery Client initialized at timestamp 1652956380374 with initial instances count: 3
2022-05-19_16-02-53 [restartedMain] INFO  o.s.c.n.e.s.EurekaServiceRegistry - Registering application PROCESSPENSION-MICROSERVICE with eureka with status UP
2022-05-19_16-02-53 [restartedMain] INFO  c.netflix.discovery.DiscoveryClient - Saw local status change event StatusChangeEvent [timestamp=1652956380380, current=UP, previous=STARTING]
2022-05-19_16-02-53 [DiscoveryClient-InstanceInfoReplicator-0] INFO  c.netflix.discovery.DiscoveryClient - DiscoveryClient_PROCESSPENSION-MICROSERVICE/localhost:ProcessPension-Microservice:8100: registering service...
2022-05-19_16-02-53 [restartedMain] INFO  o.a.coyote.http11.Http11NioProtocol - Starting ProtocolHandler ["http-nio-8100"]
2022-05-19_16-02-53 [DiscoveryClient-InstanceInfoReplicator-0] INFO  c.netflix.discovery.DiscoveryClient - DiscoveryClient_PROCESSPENSION-MICROSERVICE/localhost:ProcessPension-Microservice:8100 - registration status: 204
2022-05-19_16-02-53 [restartedMain] INFO  o.s.b.w.e.tomcat.TomcatWebServer - Tomcat started on port(s): 8100 (http) with context path '/process'
2022-05-19_16-02-53 [restartedMain] INFO  o.s.c.n.e.s.EurekaAutoServiceRegistration - Updating port to 8100
2022-05-19_16-02-53 [restartedMain] INFO  o.s.cloud.commons.util.InetUtils - Cannot determine local hostname
2022-05-19_16-02-53 [restartedMain] INFO  c.c.p.p.ProcessPensionMicroserviceApplication - Started ProcessPensionMicroserviceApplication in 9.683 seconds (JVM running for 10.599)
