2022-05-16_11-27-16 [http-nio-8100-exec-1] ERROR c.c.p.p.e.GlobalExceptionHandler - handles by handleFeignStatusException
2022-05-16_11-27-16 [http-nio-8100-exec-1] ERROR c.c.p.p.e.GlobalExceptionHandler - [404] during [GET] to [http://localhost:8200/pensioner/api/v1/PensionerDetailByAadhaar/0] [PensionerDetailFeignClient#getPensionerDetailByAadhaar(String,long)]: [{"timeStamp":"16-05-2022 11:53:06","status":"NOT_FOUND","message":"Aadhar Card Number is not Valid. Please check it and try again"}]
2022-05-16_11-27-16 [http-nio-8100-exec-3] ERROR c.c.p.p.e.GlobalExceptionHandler - handles by handleFeignStatusException
2022-05-16_11-27-16 [http-nio-8100-exec-3] ERROR c.c.p.p.e.GlobalExceptionHandler - [404] during [GET] to [http://localhost:8200/pensioner/api/v1/PensionerDetailByAadhaar/0] [PensionerDetailFeignClient#getPensionerDetailByAadhaar(String,long)]: [{"timeStamp":"16-05-2022 12:04:03","status":"NOT_FOUND","message":"Aadhar Card Number is not Valid. Please check it and try again"}]
2022-05-16_11-27-16 [http-nio-8100-exec-4] ERROR c.c.p.p.e.GlobalExceptionHandler - handles by handleFeignStatusException
2022-05-16_11-27-16 [http-nio-8100-exec-4] ERROR c.c.p.p.e.GlobalExceptionHandler - [404] during [GET] to [http://localhost:8200/pensioner/api/v1/PensionerDetailByAadhaar/0] [PensionerDetailFeignClient#getPensionerDetailByAadhaar(String,long)]: [{"timeStamp":"16-05-2022 12:08:42","status":"NOT_FOUND","message":"Aadhar Card Number is not Valid. Please check it and try again"}]
2022-05-16_11-27-16 [http-nio-8100-exec-5] ERROR c.c.p.p.e.GlobalExceptionHandler - handles by handleFeignStatusException
2022-05-16_11-27-16 [http-nio-8100-exec-5] ERROR c.c.p.p.e.GlobalExceptionHandler - [404] during [GET] to [http://localhost:8200/pensioner/api/v1/PensionerDetailByAadhaar/0] [PensionerDetailFeignClient#getPensionerDetailByAadhaar(String,long)]: [{"timeStamp":"16-05-2022 12:08:44","status":"NOT_FOUND","message":"Aadhar Card Number is not Valid. Please check it and try again"}]
2022-05-16_11-27-16 [http-nio-8100-exec-6] ERROR c.c.p.p.e.GlobalExceptionHandler - handles by handleFeignStatusException
2022-05-16_11-27-16 [http-nio-8100-exec-6] ERROR c.c.p.p.e.GlobalExceptionHandler - [404] during [GET] to [http://localhost:8200/pensioner/api/v1/PensionerDetailByAadhaar/0] [PensionerDetailFeignClient#getPensionerDetailByAadhaar(String,long)]: [{"timeStamp":"16-05-2022 12:10:37","status":"NOT_FOUND","message":"Aadhar Card Number is not Valid. Please check it and try again"}]
2022-05-16_11-27-16 [http-nio-8100-exec-8] ERROR c.c.p.p.e.GlobalExceptionHandler - handles by handleFeignStatusException
2022-05-16_11-27-16 [http-nio-8100-exec-8] ERROR c.c.p.p.e.GlobalExceptionHandler - [404] during [GET] to [http://localhost:8200/pensioner/api/v1/PensionerDetailByAadhaar/0] [PensionerDetailFeignClient#getPensionerDetailByAadhaar(String,long)]: [{"timeStamp":"16-05-2022 07:32:50","status":"NOT_FOUND","message":"Aadhar Card Number is not Valid. Please check it and try again"}]
2022-05-16_19-34-00 [restartedMain] ERROR o.s.b.d.LoggingFailureAnalysisReporter - 

***************************
APPLICATION FAILED TO START
***************************

Description:

Web server failed to start. Port 8100 was already in use.

Action:

Identify and stop the process that's listening on port 8100 or configure this application to listen on another port.

2022-05-16_11-27-16 [http-nio-8100-exec-2] ERROR c.c.p.p.e.GlobalExceptionHandler - handles by handleFeignStatusException
2022-05-16_11-27-16 [http-nio-8100-exec-2] ERROR c.c.p.p.e.GlobalExceptionHandler - [404] during [GET] to [http://localhost:8200/pensioner/api/v1/PensionerDetailByAadhaar/0] [PensionerDetailFeignClient#getPensionerDetailByAadhaar(String,long)]: [{"timeStamp":"16-05-2022 07:34:25","status":"NOT_FOUND","message":"Aadhar Card Number is not Valid. Please check it and try again"}]
2022-05-16_11-27-16 [http-nio-8100-exec-1] ERROR c.c.p.p.e.GlobalExceptionHandler - handles by handleFeignStatusException
2022-05-16_11-27-16 [http-nio-8100-exec-1] ERROR c.c.p.p.e.GlobalExceptionHandler - [404] during [GET] to [http://localhost:8200/pensioner/api/v1/PensionerDetailByAadhaar/0] [PensionerDetailFeignClient#getPensionerDetailByAadhaar(String,long)]: [{"timeStamp":"16-05-2022 07:35:36","status":"NOT_FOUND","message":"Aadhar Card Number is not Valid. Please check it and try again"}]
2022-05-16_11-27-16 [http-nio-8100-exec-5] ERROR c.c.p.p.e.GlobalExceptionHandler - handles by handleFeignStatusException
2022-05-16_11-27-16 [http-nio-8100-exec-5] ERROR c.c.p.p.e.GlobalExceptionHandler - [404] during [GET] to [http://localhost:8200/pensioner/api/v1/PensionerDetailByAadhaar/0] [PensionerDetailFeignClient#getPensionerDetailByAadhaar(String,long)]: [{"timeStamp":"16-05-2022 07:37:04","status":"NOT_FOUND","message":"Aadhar Card Number is not Valid. Please check it and try again"}]
2022-05-16_11-27-16 [http-nio-8100-exec-6] ERROR c.c.p.p.e.GlobalExceptionHandler - handles by handleFeignStatusException
2022-05-16_11-27-16 [http-nio-8100-exec-6] ERROR c.c.p.p.e.GlobalExceptionHandler - [404] during [GET] to [http://localhost:8200/pensioner/api/v1/PensionerDetailByAadhaar/0] [PensionerDetailFeignClient#getPensionerDetailByAadhaar(String,long)]: [{"timeStamp":"16-05-2022 07:37:25","status":"NOT_FOUND","message":"Aadhar Card Number is not Valid. Please check it and try again"}]
2022-05-16_11-27-16 [http-nio-8100-exec-7] ERROR c.c.p.p.e.GlobalExceptionHandler - handles by handleFeignStatusException
2022-05-16_11-27-16 [http-nio-8100-exec-7] ERROR c.c.p.p.e.GlobalExceptionHandler - [404] during [GET] to [http://localhost:8200/pensioner/api/v1/PensionerDetailByAadhaar/0] [PensionerDetailFeignClient#getPensionerDetailByAadhaar(String,long)]: [{"timeStamp":"16-05-2022 07:38:34","status":"NOT_FOUND","message":"Aadhar Card Number is not Valid. Please check it and try again"}]
2022-05-16_11-27-16 [http-nio-8100-exec-9] ERROR c.c.p.p.e.GlobalExceptionHandler - Not allowed hhhhhhhhhhhhhhhhhh
2022-05-16_11-27-16 [http-nio-8100-exec-10] ERROR c.c.p.p.e.GlobalExceptionHandler - handles by handleFeignStatusException
2022-05-16_11-27-16 [http-nio-8100-exec-10] ERROR c.c.p.p.e.GlobalExceptionHandler - [404] during [GET] to [http://localhost:8200/pensioner/api/v1/PensionerDetailByAadhaar/0] [PensionerDetailFeignClient#getPensionerDetailByAadhaar(String,long)]: [{"timeStamp":"16-05-2022 08:23:39","status":"NOT_FOUND","message":"Aadhar Card Number is not Valid. Please check it and try again"}]
2022-05-16_11-27-16 [http-nio-8100-exec-2] ERROR c.c.p.p.e.GlobalExceptionHandler - handles by handleFeignStatusException
2022-05-16_11-27-16 [http-nio-8100-exec-2] ERROR c.c.p.p.e.GlobalExceptionHandler - [404] during [GET] to [http://localhost:8200/pensioner/api/v1/PensionerDetailByAadhaar/0] [PensionerDetailFeignClient#getPensionerDetailByAadhaar(String,long)]: [{"timeStamp":"16-05-2022 08:23:44","status":"NOT_FOUND","message":"Aadhar Card Number is not Valid. Please check it and try again"}]
2022-05-16_11-27-16 [http-nio-8100-exec-1] ERROR c.c.p.p.e.GlobalExceptionHandler - handles by handleFeignStatusException
2022-05-16_11-27-16 [http-nio-8100-exec-1] ERROR c.c.p.p.e.GlobalExceptionHandler - [404] during [GET] to [http://localhost:8200/pensioner/api/v1/PensionerDetailByAadhaar/0] [PensionerDetailFeignClient#getPensionerDetailByAadhaar(String,long)]: [{"timeStamp":"16-05-2022 08:31:44","status":"NOT_FOUND","message":"Aadhar Card Number is not Valid. Please check it and try again"}]
2022-05-16_11-27-16 [http-nio-8100-exec-3] ERROR c.c.p.p.e.GlobalExceptionHandler - handles by handleFeignStatusException
2022-05-16_11-27-16 [http-nio-8100-exec-3] ERROR c.c.p.p.e.GlobalExceptionHandler - [404] during [GET] to [http://localhost:8200/pensioner/api/v1/PensionerDetailByAadhaar/0] [PensionerDetailFeignClient#getPensionerDetailByAadhaar(String,long)]: [{"timeStamp":"16-05-2022 08:34:04","status":"NOT_FOUND","message":"Aadhar Card Number is not Valid. Please check it and try again"}]
2022-05-16_11-27-16 [http-nio-8100-exec-4] ERROR c.c.p.p.e.GlobalExceptionHandler - handles by handleFeignStatusException
2022-05-16_11-27-16 [http-nio-8100-exec-4] ERROR c.c.p.p.e.GlobalExceptionHandler - [404] during [GET] to [http://localhost:8200/pensioner/api/v1/PensionerDetailByAadhaar/0] [PensionerDetailFeignClient#getPensionerDetailByAadhaar(String,long)]: [{"timeStamp":"16-05-2022 08:34:27","status":"NOT_FOUND","message":"Aadhar Card Number is not Valid. Please check it and try again"}]
2022-05-16_11-27-16 [http-nio-8100-exec-5] ERROR c.c.p.p.e.GlobalExceptionHandler - handles by handleFeignStatusException
2022-05-16_11-27-16 [http-nio-8100-exec-5] ERROR c.c.p.p.e.GlobalExceptionHandler - [404] during [GET] to [http://localhost:8200/pensioner/api/v1/PensionerDetailByAadhaar/0] [PensionerDetailFeignClient#getPensionerDetailByAadhaar(String,long)]: [{"timeStamp":"16-05-2022 08:37:56","status":"NOT_FOUND","message":"Aadhar Card Number is not Valid. Please check it and try again"}]
2022-05-16_11-27-16 [http-nio-8100-exec-6] ERROR c.c.p.p.e.GlobalExceptionHandler - handles by handleFeignStatusException
2022-05-16_11-27-16 [http-nio-8100-exec-6] ERROR c.c.p.p.e.GlobalExceptionHandler - [404] during [GET] to [http://localhost:8200/pensioner/api/v1/PensionerDetailByAadhaar/0] [PensionerDetailFeignClient#getPensionerDetailByAadhaar(String,long)]: [{"timeStamp":"16-05-2022 08:40:01","status":"NOT_FOUND","message":"Aadhar Card Number is not Valid. Please check it and try again"}]
2022-05-16_11-27-16 [http-nio-8100-exec-7] ERROR c.c.p.p.e.GlobalExceptionHandler - handles by handleFeignStatusException
2022-05-16_11-27-16 [http-nio-8100-exec-7] ERROR c.c.p.p.e.GlobalExceptionHandler - [404] during [GET] to [http://localhost:8200/pensioner/api/v1/PensionerDetailByAadhaar/0] [PensionerDetailFeignClient#getPensionerDetailByAadhaar(String,long)]: [{"timeStamp":"16-05-2022 08:40:07","status":"NOT_FOUND","message":"Aadhar Card Number is not Valid. Please check it and try again"}]
2022-05-16_11-27-16 [http-nio-8100-exec-9] ERROR c.c.p.p.e.GlobalExceptionHandler - handles by handleFeignStatusException
2022-05-16_11-27-16 [http-nio-8100-exec-9] ERROR c.c.p.p.e.GlobalExceptionHandler - [404] during [GET] to [http://localhost:8200/pensioner/api/v1/PensionerDetailByAadhaar/0] [PensionerDetailFeignClient#getPensionerDetailByAadhaar(String,long)]: [{"timeStamp":"16-05-2022 08:40:45","status":"NOT_FOUND","message":"Aadhar Card Number is not Valid. Please check it and try again"}]
2022-05-16_11-27-16 [http-nio-8100-exec-2] ERROR c.c.p.p.e.GlobalExceptionHandler - handles by handleFeignStatusException
2022-05-16_11-27-16 [http-nio-8100-exec-2] ERROR c.c.p.p.e.GlobalExceptionHandler - [404] during [GET] to [http://localhost:8200/pensioner/api/v1/PensionerDetailByAadhaar/0] [PensionerDetailFeignClient#getPensionerDetailByAadhaar(String,long)]: [{"timeStamp":"16-05-2022 08:45:08","status":"NOT_FOUND","message":"Aadhar Card Number is not Valid. Please check it and try again"}]
2022-05-16_11-27-16 [http-nio-8100-exec-1] ERROR c.c.p.p.e.GlobalExceptionHandler - handles by handleFeignStatusException
2022-05-16_11-27-16 [http-nio-8100-exec-1] ERROR c.c.p.p.e.GlobalExceptionHandler - [404] during [GET] to [http://localhost:8200/pensioner/api/v1/PensionerDetailByAadhaar/0] [PensionerDetailFeignClient#getPensionerDetailByAadhaar(String,long)]: [{"timeStamp":"16-05-2022 08:50:58","status":"NOT_FOUND","message":"Aadhar Card Number is not Valid. Please check it and try again"}]
2022-05-16_11-27-16 [http-nio-8100-exec-3] ERROR c.c.p.p.e.GlobalExceptionHandler - handles by handleFeignStatusException
2022-05-16_11-27-16 [http-nio-8100-exec-3] ERROR c.c.p.p.e.GlobalExceptionHandler - [404] during [GET] to [http://localhost:8200/pensioner/api/v1/PensionerDetailByAadhaar/0] [PensionerDetailFeignClient#getPensionerDetailByAadhaar(String,long)]: [{"timeStamp":"16-05-2022 08:51:13","status":"NOT_FOUND","message":"Aadhar Card Number is not Valid. Please check it and try again"}]
2022-05-16_11-27-16 [http-nio-8100-exec-5] ERROR c.c.p.p.e.GlobalExceptionHandler - handles by handleFeignStatusException
2022-05-16_11-27-16 [http-nio-8100-exec-5] ERROR c.c.p.p.e.GlobalExceptionHandler - [404] during [GET] to [http://localhost:8200/pensioner/api/v1/PensionerDetailByAadhaar/0] [PensionerDetailFeignClient#getPensionerDetailByAadhaar(String,long)]: [{"timeStamp":"16-05-2022 09:32:34","status":"NOT_FOUND","message":"Aadhar Card Number is not Valid. Please check it and try again"}]
2022-05-16_11-27-16 [http-nio-8100-exec-6] ERROR c.c.p.p.e.GlobalExceptionHandler - handles by handleFeignStatusException
2022-05-16_11-27-16 [http-nio-8100-exec-6] ERROR c.c.p.p.e.GlobalExceptionHandler - [404] during [GET] to [http://localhost:8200/pensioner/api/v1/PensionerDetailByAadhaar/0] [PensionerDetailFeignClient#getPensionerDetailByAadhaar(String,long)]: [{"timeStamp":"16-05-2022 09:33:36","status":"NOT_FOUND","message":"Aadhar Card Number is not Valid. Please check it and try again"}]
2022-05-16_11-27-16 [http-nio-8100-exec-7] ERROR c.c.p.p.e.GlobalExceptionHandler - handles by handleFeignStatusException
2022-05-16_11-27-16 [http-nio-8100-exec-7] ERROR c.c.p.p.e.GlobalExceptionHandler - [404] during [GET] to [http://localhost:8200/pensioner/api/v1/PensionerDetailByAadhaar/0] [PensionerDetailFeignClient#getPensionerDetailByAadhaar(String,long)]: [{"timeStamp":"16-05-2022 09:40:31","status":"NOT_FOUND","message":"Aadhar Card Number is not Valid. Please check it and try again"}]
2022-05-16_11-27-16 [http-nio-8100-exec-8] ERROR c.c.p.p.e.GlobalExceptionHandler - handles by handleFeignStatusException
2022-05-16_11-27-16 [http-nio-8100-exec-8] ERROR c.c.p.p.e.GlobalExceptionHandler - [404] during [GET] to [http://localhost:8200/pensioner/api/v1/PensionerDetailByAadhaar/0] [PensionerDetailFeignClient#getPensionerDetailByAadhaar(String,long)]: [{"timeStamp":"16-05-2022 09:40:46","status":"NOT_FOUND","message":"Aadhar Card Number is not Valid. Please check it and try again"}]
2022-05-16_11-27-16 [http-nio-8100-exec-9] ERROR c.c.p.p.e.GlobalExceptionHandler - handles by handleFeignStatusException
2022-05-16_11-27-16 [http-nio-8100-exec-9] ERROR c.c.p.p.e.GlobalExceptionHandler - [404] during [GET] to [http://localhost:8200/pensioner/api/v1/PensionerDetailByAadhaar/0] [PensionerDetailFeignClient#getPensionerDetailByAadhaar(String,long)]: [{"timeStamp":"16-05-2022 09:42:07","status":"NOT_FOUND","message":"Aadhar Card Number is not Valid. Please check it and try again"}]
2022-05-16_11-27-16 [http-nio-8100-exec-10] ERROR c.c.p.p.e.GlobalExceptionHandler - handles by handleFeignStatusException
2022-05-16_11-27-16 [http-nio-8100-exec-10] ERROR c.c.p.p.e.GlobalExceptionHandler - [404] during [GET] to [http://localhost:8200/pensioner/api/v1/PensionerDetailByAadhaar/0] [PensionerDetailFeignClient#getPensionerDetailByAadhaar(String,long)]: [{"timeStamp":"16-05-2022 09:42:15","status":"NOT_FOUND","message":"Aadhar Card Number is not Valid. Please check it and try again"}]
2022-05-16_11-27-16 [http-nio-8100-exec-2] ERROR c.c.p.p.e.GlobalExceptionHandler - handles by handleFeignStatusException
2022-05-16_11-27-16 [http-nio-8100-exec-2] ERROR c.c.p.p.e.GlobalExceptionHandler - [404] during [GET] to [http://localhost:8200/pensioner/api/v1/PensionerDetailByAadhaar/0] [PensionerDetailFeignClient#getPensionerDetailByAadhaar(String,long)]: [{"timeStamp":"16-05-2022 09:43:31","status":"NOT_FOUND","message":"Aadhar Card Number is not Valid. Please check it and try again"}]
2022-05-16_11-27-16 [http-nio-8100-exec-1] ERROR c.c.p.p.e.GlobalExceptionHandler - handles by handleFeignStatusException
2022-05-16_11-27-16 [http-nio-8100-exec-1] ERROR c.c.p.p.e.GlobalExceptionHandler - [404] during [GET] to [http://localhost:8200/pensioner/api/v1/PensionerDetailByAadhaar/0] [PensionerDetailFeignClient#getPensionerDetailByAadhaar(String,long)]: [{"timeStamp":"16-05-2022 09:45:13","status":"NOT_FOUND","message":"Aadhar Card Number is not Valid. Please check it and try again"}]
2022-05-16_11-27-16 [http-nio-8100-exec-3] ERROR c.c.p.p.e.GlobalExceptionHandler - handles by handleFeignStatusException
2022-05-16_11-27-16 [http-nio-8100-exec-3] ERROR c.c.p.p.e.GlobalExceptionHandler - [404] during [GET] to [http://localhost:8200/pensioner/api/v1/PensionerDetailByAadhaar/0] [PensionerDetailFeignClient#getPensionerDetailByAadhaar(String,long)]: [{"timeStamp":"16-05-2022 09:46:27","status":"NOT_FOUND","message":"Aadhar Card Number is not Valid. Please check it and try again"}]
2022-05-16_11-27-16 [http-nio-8100-exec-4] ERROR c.c.p.p.e.GlobalExceptionHandler - handles by handleFeignStatusException
2022-05-16_11-27-16 [http-nio-8100-exec-4] ERROR c.c.p.p.e.GlobalExceptionHandler - [404] during [GET] to [http://localhost:8200/pensioner/api/v1/PensionerDetailByAadhaar/0] [PensionerDetailFeignClient#getPensionerDetailByAadhaar(String,long)]: [{"timeStamp":"16-05-2022 09:49:31","status":"NOT_FOUND","message":"Aadhar Card Number is not Valid. Please check it and try again"}]
2022-05-16_11-27-16 [http-nio-8100-exec-5] ERROR c.c.p.p.e.GlobalExceptionHandler - handles by handleFeignStatusException
2022-05-16_11-27-16 [http-nio-8100-exec-5] ERROR c.c.p.p.e.GlobalExceptionHandler - [404] during [GET] to [http://localhost:8200/pensioner/api/v1/PensionerDetailByAadhaar/0] [PensionerDetailFeignClient#getPensionerDetailByAadhaar(String,long)]: [{"timeStamp":"16-05-2022 09:49:50","status":"NOT_FOUND","message":"Aadhar Card Number is not Valid. Please check it and try again"}]
2022-05-16_11-27-16 [http-nio-8100-exec-6] ERROR c.c.p.p.e.GlobalExceptionHandler - handles by handleFeignStatusException
2022-05-16_11-27-16 [http-nio-8100-exec-6] ERROR c.c.p.p.e.GlobalExceptionHandler - [404] during [GET] to [http://localhost:8200/pensioner/api/v1/PensionerDetailByAadhaar/0] [PensionerDetailFeignClient#getPensionerDetailByAadhaar(String,long)]: [{"timeStamp":"16-05-2022 09:52:07","status":"NOT_FOUND","message":"Aadhar Card Number is not Valid. Please check it and try again"}]
2022-05-16_11-27-16 [http-nio-8100-exec-7] ERROR c.c.p.p.e.GlobalExceptionHandler - handles by handleFeignStatusException
2022-05-16_11-27-16 [http-nio-8100-exec-7] ERROR c.c.p.p.e.GlobalExceptionHandler - [404] during [GET] to [http://localhost:8200/pensioner/api/v1/PensionerDetailByAadhaar/0] [PensionerDetailFeignClient#getPensionerDetailByAadhaar(String,long)]: [{"timeStamp":"16-05-2022 09:57:03","status":"NOT_FOUND","message":"Aadhar Card Number is not Valid. Please check it and try again"}]
2022-05-16_11-27-16 [http-nio-8100-exec-9] ERROR c.c.p.p.e.GlobalExceptionHandler - handles by handleFeignStatusException
2022-05-16_11-27-16 [http-nio-8100-exec-9] ERROR c.c.p.p.e.GlobalExceptionHandler - [404] during [GET] to [http://localhost:8200/pensioner/api/v1/PensionerDetailByAadhaar/0] [PensionerDetailFeignClient#getPensionerDetailByAadhaar(String,long)]: [{"timeStamp":"16-05-2022 10:05:00","status":"NOT_FOUND","message":"Aadhar Card Number is not Valid. Please check it and try again"}]
2022-05-16_11-27-16 [http-nio-8100-exec-10] ERROR c.c.p.p.e.GlobalExceptionHandler - handles by handleFeignStatusException
2022-05-16_11-27-16 [http-nio-8100-exec-10] ERROR c.c.p.p.e.GlobalExceptionHandler - [404] during [GET] to [http://localhost:8200/pensioner/api/v1/PensionerDetailByAadhaar/0] [PensionerDetailFeignClient#getPensionerDetailByAadhaar(String,long)]: [{"timeStamp":"16-05-2022 10:11:39","status":"NOT_FOUND","message":"Aadhar Card Number is not Valid. Please check it and try again"}]
2022-05-16_11-27-16 [http-nio-8100-exec-2] ERROR c.c.p.p.e.GlobalExceptionHandler - handles by handleFeignStatusException
2022-05-16_11-27-16 [http-nio-8100-exec-2] ERROR c.c.p.p.e.GlobalExceptionHandler - [404] during [GET] to [http://localhost:8200/pensioner/api/v1/PensionerDetailByAadhaar/0] [PensionerDetailFeignClient#getPensionerDetailByAadhaar(String,long)]: [{"timeStamp":"16-05-2022 10:11:46","status":"NOT_FOUND","message":"Aadhar Card Number is not Valid. Please check it and try again"}]
2022-05-16_11-27-16 [http-nio-8100-exec-1] ERROR c.c.p.p.e.GlobalExceptionHandler - Not allowed hhhhhhhhhhhhhhhhhh
2022-05-16_11-27-16 [http-nio-8100-exec-4] ERROR c.c.p.p.e.GlobalExceptionHandler - handles by handleFeignStatusException
2022-05-16_11-27-16 [http-nio-8100-exec-4] ERROR c.c.p.p.e.GlobalExceptionHandler - [404] during [GET] to [http://localhost:8200/pensioner/api/v1/PensionerDetailByAadhaar/0] [PensionerDetailFeignClient#getPensionerDetailByAadhaar(String,long)]: [{"timeStamp":"16-05-2022 10:21:35","status":"NOT_FOUND","message":"Aadhar Card Number is not Valid. Please check it and try again"}]
2022-05-16_11-27-16 [http-nio-8100-exec-5] ERROR c.c.p.p.e.GlobalExceptionHandler - handles by handleFeignStatusException
2022-05-16_11-27-16 [http-nio-8100-exec-5] ERROR c.c.p.p.e.GlobalExceptionHandler - [404] during [GET] to [http://localhost:8200/pensioner/api/v1/PensionerDetailByAadhaar/0] [PensionerDetailFeignClient#getPensionerDetailByAadhaar(String,long)]: [{"timeStamp":"16-05-2022 10:23:21","status":"NOT_FOUND","message":"Aadhar Card Number is not Valid. Please check it and try again"}]
2022-05-16_11-27-16 [http-nio-8100-exec-6] ERROR c.c.p.p.e.GlobalExceptionHandler - handles by handleFeignStatusException
2022-05-16_11-27-16 [http-nio-8100-exec-6] ERROR c.c.p.p.e.GlobalExceptionHandler - [404] during [GET] to [http://localhost:8200/pensioner/api/v1/PensionerDetailByAadhaar/0] [PensionerDetailFeignClient#getPensionerDetailByAadhaar(String,long)]: [{"timeStamp":"16-05-2022 10:23:32","status":"NOT_FOUND","message":"Aadhar Card Number is not Valid. Please check it and try again"}]
2022-05-16_11-27-16 [http-nio-8100-exec-7] ERROR c.c.p.p.e.GlobalExceptionHandler - handles by handleFeignStatusException
2022-05-16_11-27-16 [http-nio-8100-exec-7] ERROR c.c.p.p.e.GlobalExceptionHandler - [404] during [GET] to [http://localhost:8200/pensioner/api/v1/PensionerDetailByAadhaar/0] [PensionerDetailFeignClient#getPensionerDetailByAadhaar(String,long)]: [{"timeStamp":"16-05-2022 10:26:00","status":"NOT_FOUND","message":"Aadhar Card Number is not Valid. Please check it and try again"}]
2022-05-16_11-27-16 [http-nio-8100-exec-8] ERROR c.c.p.p.e.GlobalExceptionHandler - handles by handleFeignStatusException
2022-05-16_11-27-16 [http-nio-8100-exec-8] ERROR c.c.p.p.e.GlobalExceptionHandler - [404] during [GET] to [http://localhost:8200/pensioner/api/v1/PensionerDetailByAadhaar/0] [PensionerDetailFeignClient#getPensionerDetailByAadhaar(String,long)]: [{"timeStamp":"16-05-2022 10:27:20","status":"NOT_FOUND","message":"Aadhar Card Number is not Valid. Please check it and try again"}]
2022-05-16_11-27-16 [http-nio-8100-exec-9] ERROR c.c.p.p.e.GlobalExceptionHandler - handles by handleFeignStatusException
2022-05-16_11-27-16 [http-nio-8100-exec-9] ERROR c.c.p.p.e.GlobalExceptionHandler - [404] during [GET] to [http://localhost:8200/pensioner/api/v1/PensionerDetailByAadhaar/0] [PensionerDetailFeignClient#getPensionerDetailByAadhaar(String,long)]: [{"timeStamp":"16-05-2022 10:28:20","status":"NOT_FOUND","message":"Aadhar Card Number is not Valid. Please check it and try again"}]
2022-05-16_11-27-16 [http-nio-8100-exec-10] ERROR c.c.p.p.e.GlobalExceptionHandler - handles by handleFeignStatusException
2022-05-16_11-27-16 [http-nio-8100-exec-10] ERROR c.c.p.p.e.GlobalExceptionHandler - [404] during [GET] to [http://localhost:8200/pensioner/api/v1/PensionerDetailByAadhaar/0] [PensionerDetailFeignClient#getPensionerDetailByAadhaar(String,long)]: [{"timeStamp":"16-05-2022 10:28:47","status":"NOT_FOUND","message":"Aadhar Card Number is not Valid. Please check it and try again"}]
2022-05-16_11-27-16 [http-nio-8100-exec-2] ERROR c.c.p.p.e.GlobalExceptionHandler - handles by handleFeignStatusException
2022-05-16_11-27-16 [http-nio-8100-exec-2] ERROR c.c.p.p.e.GlobalExceptionHandler - [404] during [GET] to [http://localhost:8200/pensioner/api/v1/PensionerDetailByAadhaar/0] [PensionerDetailFeignClient#getPensionerDetailByAadhaar(String,long)]: [{"timeStamp":"16-05-2022 10:30:56","status":"NOT_FOUND","message":"Aadhar Card Number is not Valid. Please check it and try again"}]
2022-05-16_11-27-16 [http-nio-8100-exec-1] ERROR c.c.p.p.e.GlobalExceptionHandler - handles by handleFeignStatusException
2022-05-16_11-27-16 [http-nio-8100-exec-1] ERROR c.c.p.p.e.GlobalExceptionHandler - [404] during [GET] to [http://localhost:8200/pensioner/api/v1/PensionerDetailByAadhaar/0] [PensionerDetailFeignClient#getPensionerDetailByAadhaar(String,long)]: [{"timeStamp":"16-05-2022 10:33:01","status":"NOT_FOUND","message":"Aadhar Card Number is not Valid. Please check it and try again"}]
2022-05-16_11-27-16 [http-nio-8100-exec-3] ERROR c.c.p.p.e.GlobalExceptionHandler - handles by handleFeignStatusException
2022-05-16_11-27-16 [http-nio-8100-exec-3] ERROR c.c.p.p.e.GlobalExceptionHandler - [404] during [GET] to [http://localhost:8200/pensioner/api/v1/PensionerDetailByAadhaar/0] [PensionerDetailFeignClient#getPensionerDetailByAadhaar(String,long)]: [{"timeStamp":"16-05-2022 10:33:09","status":"NOT_FOUND","message":"Aadhar Card Number is not Valid. Please check it and try again"}]
2022-05-16_11-27-16 [http-nio-8100-exec-4] ERROR c.c.p.p.e.GlobalExceptionHandler - handles by handleFeignStatusException
2022-05-16_11-27-16 [http-nio-8100-exec-4] ERROR c.c.p.p.e.GlobalExceptionHandler - [404] during [GET] to [http://localhost:8200/pensioner/api/v1/PensionerDetailByAadhaar/0] [PensionerDetailFeignClient#getPensionerDetailByAadhaar(String,long)]: [{"timeStamp":"16-05-2022 10:33:12","status":"NOT_FOUND","message":"Aadhar Card Number is not Valid. Please check it and try again"}]
2022-05-16_11-27-16 [http-nio-8100-exec-5] ERROR c.c.p.p.e.GlobalExceptionHandler - handles by handleFeignStatusException
2022-05-16_11-27-16 [http-nio-8100-exec-5] ERROR c.c.p.p.e.GlobalExceptionHandler - [404] during [GET] to [http://localhost:8200/pensioner/api/v1/PensionerDetailByAadhaar/0] [PensionerDetailFeignClient#getPensionerDetailByAadhaar(String,long)]: [{"timeStamp":"16-05-2022 10:33:25","status":"NOT_FOUND","message":"Aadhar Card Number is not Valid. Please check it and try again"}]
2022-05-16_11-27-16 [http-nio-8100-exec-7] ERROR c.c.p.p.e.GlobalExceptionHandler - handles by handleFeignStatusException
2022-05-16_11-27-16 [http-nio-8100-exec-7] ERROR c.c.p.p.e.GlobalExceptionHandler - [404] during [GET] to [http://localhost:8200/pensioner/api/v1/PensionerDetailByAadhaar/0] [PensionerDetailFeignClient#getPensionerDetailByAadhaar(String,long)]: [{"timeStamp":"16-05-2022 10:35:49","status":"NOT_FOUND","message":"Aadhar Card Number is not Valid. Please check it and try again"}]
2022-05-16_11-27-16 [http-nio-8100-exec-8] ERROR c.c.p.p.e.GlobalExceptionHandler - handles by handleFeignStatusException
2022-05-16_11-27-16 [http-nio-8100-exec-8] ERROR c.c.p.p.e.GlobalExceptionHandler - [404] during [GET] to [http://localhost:8200/pensioner/api/v1/PensionerDetailByAadhaar/0] [PensionerDetailFeignClient#getPensionerDetailByAadhaar(String,long)]: [{"timeStamp":"16-05-2022 10:35:54","status":"NOT_FOUND","message":"Aadhar Card Number is not Valid. Please check it and try again"}]
2022-05-16_11-27-16 [http-nio-8100-exec-9] ERROR c.c.p.p.e.GlobalExceptionHandler - handles by handleFeignStatusException
2022-05-16_11-27-16 [http-nio-8100-exec-9] ERROR c.c.p.p.e.GlobalExceptionHandler - [404] during [GET] to [http://localhost:8200/pensioner/api/v1/PensionerDetailByAadhaar/0] [PensionerDetailFeignClient#getPensionerDetailByAadhaar(String,long)]: [{"timeStamp":"16-05-2022 10:36:21","status":"NOT_FOUND","message":"Aadhar Card Number is not Valid. Please check it and try again"}]
2022-05-16_11-27-16 [http-nio-8100-exec-10] ERROR c.c.p.p.e.GlobalExceptionHandler - handles by handleFeignStatusException
2022-05-16_11-27-16 [http-nio-8100-exec-10] ERROR c.c.p.p.e.GlobalExceptionHandler - [404] during [GET] to [http://localhost:8200/pensioner/api/v1/PensionerDetailByAadhaar/0] [PensionerDetailFeignClient#getPensionerDetailByAadhaar(String,long)]: [{"timeStamp":"16-05-2022 10:37:19","status":"NOT_FOUND","message":"Aadhar Card Number is not Valid. Please check it and try again"}]
2022-05-16_11-27-16 [http-nio-8100-exec-2] ERROR c.c.p.p.e.GlobalExceptionHandler - handles by handleFeignStatusException
2022-05-16_11-27-16 [http-nio-8100-exec-2] ERROR c.c.p.p.e.GlobalExceptionHandler - [404] during [GET] to [http://localhost:8200/pensioner/api/v1/PensionerDetailByAadhaar/0] [PensionerDetailFeignClient#getPensionerDetailByAadhaar(String,long)]: [{"timeStamp":"16-05-2022 10:37:54","status":"NOT_FOUND","message":"Aadhar Card Number is not Valid. Please check it and try again"}]
2022-05-16_11-27-16 [http-nio-8100-exec-1] ERROR c.c.p.p.e.GlobalExceptionHandler - handles by handleFeignStatusException
2022-05-16_11-27-16 [http-nio-8100-exec-1] ERROR c.c.p.p.e.GlobalExceptionHandler - [404] during [GET] to [http://localhost:8200/pensioner/api/v1/PensionerDetailByAadhaar/0] [PensionerDetailFeignClient#getPensionerDetailByAadhaar(String,long)]: [{"timeStamp":"16-05-2022 10:41:22","status":"NOT_FOUND","message":"Aadhar Card Number is not Valid. Please check it and try again"}]
